Connected to MongoDB
✅ udriver backend listening on http://localhost:3002
Error fetching booking: CastError: Cast to Number failed for value "NaN" (type number) at path "bookingId" for model "Booking"
    at SchemaNumber.cast (/Users/macos/Downloads/24CarRental/backend/node_modules/mongoose/lib/schema/number.js:380:11)
    at SchemaType.applySetters (/Users/macos/Downloads/24CarRental/backend/node_modules/mongoose/lib/schematype.js:1219:12)
    at SchemaNumber.castForQuery (/Users/macos/Downloads/24CarRental/backend/node_modules/mongoose/lib/schema/number.js:432:14)
    at cast (/Users/macos/Downloads/24CarRental/backend/node_modules/mongoose/lib/cast.js:389:32)
    at Query.cast (/Users/macos/Downloads/24CarRental/backend/node_modules/mongoose/lib/query.js:4927:12)
    at Query._castConditions (/Users/macos/Downloads/24CarRental/backend/node_modules/mongoose/lib/query.js:2237:10)
    at model.Query._findOne (/Users/macos/Downloads/24CarRental/backend/node_modules/mongoose/lib/query.js:2533:8)
    at model.Query.exec (/Users/macos/Downloads/24CarRental/backend/node_modules/mongoose/lib/query.js:4447:28)
    at process.processTicksAndRejections (node:internal/process/task_queues:105:5)
    at async getBookingById (file:///Users/macos/Downloads/24CarRental/backend/controllers/bookingController.js:379:21) {
  stringValue: '"NaN"',
  messageFormat: undefined,
  kind: 'Number',
  value: NaN,
  path: 'bookingId',
  reason: AssertionError [ERR_ASSERTION]: The expression evaluated to a falsy value:
  
    assert.ok(!isNaN(val))
  
      at castNumber (/Users/macos/Downloads/24CarRental/backend/node_modules/mongoose/lib/cast/number.js:27:10)
      at SchemaNumber.cast (/Users/macos/Downloads/24CarRental/backend/node_modules/mongoose/lib/schema/number.js:378:12)
      at SchemaType.applySetters (/Users/macos/Downloads/24CarRental/backend/node_modules/mongoose/lib/schematype.js:1219:12)
      at SchemaNumber.castForQuery (/Users/macos/Downloads/24CarRental/backend/node_modules/mongoose/lib/schema/number.js:432:14)
      at cast (/Users/macos/Downloads/24CarRental/backend/node_modules/mongoose/lib/cast.js:389:32)
      at Query.cast (/Users/macos/Downloads/24CarRental/backend/node_modules/mongoose/lib/query.js:4927:12)
      at Query._castConditions (/Users/macos/Downloads/24CarRental/backend/node_modules/mongoose/lib/query.js:2237:10)
      at model.Query._findOne (/Users/macos/Downloads/24CarRental/backend/node_modules/mongoose/lib/query.js:2533:8)
      at model.Query.exec (/Users/macos/Downloads/24CarRental/backend/node_modules/mongoose/lib/query.js:4447:28)
      at process.processTicksAndRejections (node:internal/process/task_queues:105:5) {
    generatedMessage: true,
    code: 'ERR_ASSERTION',
    actual: false,
    expected: true,
    operator: '=='
  },
  valueType: 'number',
  model: Model { Booking }
}
Error fetching vehicle: CastError: Cast to Number failed for value "NaN" (type number) at path "vehicleId" for model "Vehicle"
    at SchemaNumber.cast (/Users/macos/Downloads/24CarRental/backend/node_modules/mongoose/lib/schema/number.js:380:11)
    at SchemaType.applySetters (/Users/macos/Downloads/24CarRental/backend/node_modules/mongoose/lib/schematype.js:1219:12)
    at SchemaNumber.castForQuery (/Users/macos/Downloads/24CarRental/backend/node_modules/mongoose/lib/schema/number.js:432:14)
    at cast (/Users/macos/Downloads/24CarRental/backend/node_modules/mongoose/lib/cast.js:389:32)
    at Query.cast (/Users/macos/Downloads/24CarRental/backend/node_modules/mongoose/lib/query.js:4927:12)
    at Query._castConditions (/Users/macos/Downloads/24CarRental/backend/node_modules/mongoose/lib/query.js:2237:10)
    at model.Query._findOne (/Users/macos/Downloads/24CarRental/backend/node_modules/mongoose/lib/query.js:2533:8)
    at model.Query.exec (/Users/macos/Downloads/24CarRental/backend/node_modules/mongoose/lib/query.js:4447:28)
    at process.processTicksAndRejections (node:internal/process/task_queues:105:5)
    at async getVehicleById (file:///Users/macos/Downloads/24CarRental/backend/controllers/vehicleController.js:429:21) {
  stringValue: '"NaN"',
  messageFormat: undefined,
  kind: 'Number',
  value: NaN,
  path: 'vehicleId',
  reason: AssertionError [ERR_ASSERTION]: The expression evaluated to a falsy value:
  
    assert.ok(!isNaN(val))
  
      at castNumber (/Users/macos/Downloads/24CarRental/backend/node_modules/mongoose/lib/cast/number.js:27:10)
      at SchemaNumber.cast (/Users/macos/Downloads/24CarRental/backend/node_modules/mongoose/lib/schema/number.js:378:12)
      at SchemaType.applySetters (/Users/macos/Downloads/24CarRental/backend/node_modules/mongoose/lib/schematype.js:1219:12)
      at SchemaNumber.castForQuery (/Users/macos/Downloads/24CarRental/backend/node_modules/mongoose/lib/schema/number.js:432:14)
      at cast (/Users/macos/Downloads/24CarRental/backend/node_modules/mongoose/lib/cast.js:389:32)
      at Query.cast (/Users/macos/Downloads/24CarRental/backend/node_modules/mongoose/lib/query.js:4927:12)
      at Query._castConditions (/Users/macos/Downloads/24CarRental/backend/node_modules/mongoose/lib/query.js:2237:10)
      at model.Query._findOne (/Users/macos/Downloads/24CarRental/backend/node_modules/mongoose/lib/query.js:2533:8)
      at model.Query.exec (/Users/macos/Downloads/24CarRental/backend/node_modules/mongoose/lib/query.js:4447:28)
      at process.processTicksAndRejections (node:internal/process/task_queues:105:5) {
    generatedMessage: true,
    code: 'ERR_ASSERTION',
    actual: false,
    expected: true,
    operator: '=='
  },
  valueType: 'number',
  model: Model { Vehicle }
}
Error fetching weekly rent slabs: CastError: Cast to Number failed for value "NaN" (type number) at path "vehicleId" for model "Vehicle"
    at SchemaNumber.cast (/Users/macos/Downloads/24CarRental/backend/node_modules/mongoose/lib/schema/number.js:380:11)
    at SchemaType.applySetters (/Users/macos/Downloads/24CarRental/backend/node_modules/mongoose/lib/schematype.js:1219:12)
    at SchemaNumber.castForQuery (/Users/macos/Downloads/24CarRental/backend/node_modules/mongoose/lib/schema/number.js:432:14)
    at cast (/Users/macos/Downloads/24CarRental/backend/node_modules/mongoose/lib/cast.js:389:32)
    at Query.cast (/Users/macos/Downloads/24CarRental/backend/node_modules/mongoose/lib/query.js:4927:12)
    at Query._castConditions (/Users/macos/Downloads/24CarRental/backend/node_modules/mongoose/lib/query.js:2237:10)
    at model.Query._findOne (/Users/macos/Downloads/24CarRental/backend/node_modules/mongoose/lib/query.js:2533:8)
    at model.Query.exec (/Users/macos/Downloads/24CarRental/backend/node_modules/mongoose/lib/query.js:4447:28)
    at process.processTicksAndRejections (node:internal/process/task_queues:105:5)
    at async getWeeklyRentSlabs (file:///Users/macos/Downloads/24CarRental/backend/controllers/vehicleController.js:648:21) {
  stringValue: '"NaN"',
  messageFormat: undefined,
  kind: 'Number',
  value: NaN,
  path: 'vehicleId',
  reason: AssertionError [ERR_ASSERTION]: The expression evaluated to a falsy value:
  
    assert.ok(!isNaN(val))
  
      at castNumber (/Users/macos/Downloads/24CarRental/backend/node_modules/mongoose/lib/cast/number.js:27:10)
      at SchemaNumber.cast (/Users/macos/Downloads/24CarRental/backend/node_modules/mongoose/lib/schema/number.js:378:12)
      at SchemaType.applySetters (/Users/macos/Downloads/24CarRental/backend/node_modules/mongoose/lib/schematype.js:1219:12)
      at SchemaNumber.castForQuery (/Users/macos/Downloads/24CarRental/backend/node_modules/mongoose/lib/schema/number.js:432:14)
      at cast (/Users/macos/Downloads/24CarRental/backend/node_modules/mongoose/lib/cast.js:389:32)
      at Query.cast (/Users/macos/Downloads/24CarRental/backend/node_modules/mongoose/lib/query.js:4927:12)
      at Query._castConditions (/Users/macos/Downloads/24CarRental/backend/node_modules/mongoose/lib/query.js:2237:10)
      at model.Query._findOne (/Users/macos/Downloads/24CarRental/backend/node_modules/mongoose/lib/query.js:2533:8)
      at model.Query.exec (/Users/macos/Downloads/24CarRental/backend/node_modules/mongoose/lib/query.js:4447:28)
      at process.processTicksAndRejections (node:internal/process/task_queues:105:5) {
    generatedMessage: true,
    code: 'ERR_ASSERTION',
    actual: false,
    expected: true,
    operator: '=='
  },
  valueType: 'number',
  model: Model { Vehicle }
}
Error fetching daily rent slabs: CastError: Cast to Number failed for value "NaN" (type number) at path "vehicleId" for model "Vehicle"
    at SchemaNumber.cast (/Users/macos/Downloads/24CarRental/backend/node_modules/mongoose/lib/schema/number.js:380:11)
    at SchemaType.applySetters (/Users/macos/Downloads/24CarRental/backend/node_modules/mongoose/lib/schematype.js:1219:12)
    at SchemaNumber.castForQuery (/Users/macos/Downloads/24CarRental/backend/node_modules/mongoose/lib/schema/number.js:432:14)
    at cast (/Users/macos/Downloads/24CarRental/backend/node_modules/mongoose/lib/cast.js:389:32)
    at Query.cast (/Users/macos/Downloads/24CarRental/backend/node_modules/mongoose/lib/query.js:4927:12)
    at Query._castConditions (/Users/macos/Downloads/24CarRental/backend/node_modules/mongoose/lib/query.js:2237:10)
    at model.Query._findOne (/Users/macos/Downloads/24CarRental/backend/node_modules/mongoose/lib/query.js:2533:8)
    at model.Query.exec (/Users/macos/Downloads/24CarRental/backend/node_modules/mongoose/lib/query.js:4447:28)
    at process.processTicksAndRejections (node:internal/process/task_queues:105:5)
    at async getDailyRentSlabs (file:///Users/macos/Downloads/24CarRental/backend/controllers/vehicleController.js:689:21) {
  stringValue: '"NaN"',
  messageFormat: undefined,
  kind: 'Number',
  value: NaN,
  path: 'vehicleId',
  reason: AssertionError [ERR_ASSERTION]: The expression evaluated to a falsy value:
  
    assert.ok(!isNaN(val))
  
      at castNumber (/Users/macos/Downloads/24CarRental/backend/node_modules/mongoose/lib/cast/number.js:27:10)
      at SchemaNumber.cast (/Users/macos/Downloads/24CarRental/backend/node_modules/mongoose/lib/schema/number.js:378:12)
      at SchemaType.applySetters (/Users/macos/Downloads/24CarRental/backend/node_modules/mongoose/lib/schematype.js:1219:12)
      at SchemaNumber.castForQuery (/Users/macos/Downloads/24CarRental/backend/node_modules/mongoose/lib/schema/number.js:432:14)
      at cast (/Users/macos/Downloads/24CarRental/backend/node_modules/mongoose/lib/cast.js:389:32)
      at Query.cast (/Users/macos/Downloads/24CarRental/backend/node_modules/mongoose/lib/query.js:4927:12)
      at Query._castConditions (/Users/macos/Downloads/24CarRental/backend/node_modules/mongoose/lib/query.js:2237:10)
      at model.Query._findOne (/Users/macos/Downloads/24CarRental/backend/node_modules/mongoose/lib/query.js:2533:8)
      at model.Query.exec (/Users/macos/Downloads/24CarRental/backend/node_modules/mongoose/lib/query.js:4447:28)
      at process.processTicksAndRejections (node:internal/process/task_queues:105:5) {
    generatedMessage: true,
    code: 'ERR_ASSERTION',
    actual: false,
    expected: true,
    operator: '=='
  },
  valueType: 'number',
  model: Model { Vehicle }
}
Error fetching vehicle: CastError: Cast to Number failed for value "NaN" (type number) at path "vehicleId" for model "Vehicle"
    at SchemaNumber.cast (/Users/macos/Downloads/24CarRental/backend/node_modules/mongoose/lib/schema/number.js:380:11)
    at SchemaType.applySetters (/Users/macos/Downloads/24CarRental/backend/node_modules/mongoose/lib/schematype.js:1219:12)
    at SchemaNumber.castForQuery (/Users/macos/Downloads/24CarRental/backend/node_modules/mongoose/lib/schema/number.js:432:14)
    at cast (/Users/macos/Downloads/24CarRental/backend/node_modules/mongoose/lib/cast.js:389:32)
    at Query.cast (/Users/macos/Downloads/24CarRental/backend/node_modules/mongoose/lib/query.js:4927:12)
    at Query._castConditions (/Users/macos/Downloads/24CarRental/backend/node_modules/mongoose/lib/query.js:2237:10)
    at model.Query._findOne (/Users/macos/Downloads/24CarRental/backend/node_modules/mongoose/lib/query.js:2533:8)
    at model.Query.exec (/Users/macos/Downloads/24CarRental/backend/node_modules/mongoose/lib/query.js:4447:28)
    at process.processTicksAndRejections (node:internal/process/task_queues:105:5)
    at async getVehicleById (file:///Users/macos/Downloads/24CarRental/backend/controllers/vehicleController.js:429:21) {
  stringValue: '"NaN"',
  messageFormat: undefined,
  kind: 'Number',
  value: NaN,
  path: 'vehicleId',
  reason: AssertionError [ERR_ASSERTION]: The expression evaluated to a falsy value:
  
    assert.ok(!isNaN(val))
  
      at castNumber (/Users/macos/Downloads/24CarRental/backend/node_modules/mongoose/lib/cast/number.js:27:10)
      at SchemaNumber.cast (/Users/macos/Downloads/24CarRental/backend/node_modules/mongoose/lib/schema/number.js:378:12)
      at SchemaType.applySetters (/Users/macos/Downloads/24CarRental/backend/node_modules/mongoose/lib/schematype.js:1219:12)
      at SchemaNumber.castForQuery (/Users/macos/Downloads/24CarRental/backend/node_modules/mongoose/lib/schema/number.js:432:14)
      at cast (/Users/macos/Downloads/24CarRental/backend/node_modules/mongoose/lib/cast.js:389:32)
      at Query.cast (/Users/macos/Downloads/24CarRental/backend/node_modules/mongoose/lib/query.js:4927:12)
      at Query._castConditions (/Users/macos/Downloads/24CarRental/backend/node_modules/mongoose/lib/query.js:2237:10)
      at model.Query._findOne (/Users/macos/Downloads/24CarRental/backend/node_modules/mongoose/lib/query.js:2533:8)
      at model.Query.exec (/Users/macos/Downloads/24CarRental/backend/node_modules/mongoose/lib/query.js:4447:28)
      at process.processTicksAndRejections (node:internal/process/task_queues:105:5) {
    generatedMessage: true,
    code: 'ERR_ASSERTION',
    actual: false,
    expected: true,
    operator: '=='
  },
  valueType: 'number',
  model: Model { Vehicle }
}
Error fetching weekly rent slabs: CastError: Cast to Number failed for value "NaN" (type number) at path "vehicleId" for model "Vehicle"
    at SchemaNumber.cast (/Users/macos/Downloads/24CarRental/backend/node_modules/mongoose/lib/schema/number.js:380:11)
    at SchemaType.applySetters (/Users/macos/Downloads/24CarRental/backend/node_modules/mongoose/lib/schematype.js:1219:12)
    at SchemaNumber.castForQuery (/Users/macos/Downloads/24CarRental/backend/node_modules/mongoose/lib/schema/number.js:432:14)
    at cast (/Users/macos/Downloads/24CarRental/backend/node_modules/mongoose/lib/cast.js:389:32)
    at Query.cast (/Users/macos/Downloads/24CarRental/backend/node_modules/mongoose/lib/query.js:4927:12)
    at Query._castConditions (/Users/macos/Downloads/24CarRental/backend/node_modules/mongoose/lib/query.js:2237:10)
    at model.Query._findOne (/Users/macos/Downloads/24CarRental/backend/node_modules/mongoose/lib/query.js:2533:8)
    at model.Query.exec (/Users/macos/Downloads/24CarRental/backend/node_modules/mongoose/lib/query.js:4447:28)
    at process.processTicksAndRejections (node:internal/process/task_queues:105:5)
    at async getWeeklyRentSlabs (file:///Users/macos/Downloads/24CarRental/backend/controllers/vehicleController.js:648:21) {
  stringValue: '"NaN"',
  messageFormat: undefined,
  kind: 'Number',
  value: NaN,
  path: 'vehicleId',
  reason: AssertionError [ERR_ASSERTION]: The expression evaluated to a falsy value:
  
    assert.ok(!isNaN(val))
  
      at castNumber (/Users/macos/Downloads/24CarRental/backend/node_modules/mongoose/lib/cast/number.js:27:10)
      at SchemaNumber.cast (/Users/macos/Downloads/24CarRental/backend/node_modules/mongoose/lib/schema/number.js:378:12)
      at SchemaType.applySetters (/Users/macos/Downloads/24CarRental/backend/node_modules/mongoose/lib/schematype.js:1219:12)
      at SchemaNumber.castForQuery (/Users/macos/Downloads/24CarRental/backend/node_modules/mongoose/lib/schema/number.js:432:14)
      at cast (/Users/macos/Downloads/24CarRental/backend/node_modules/mongoose/lib/cast.js:389:32)
      at Query.cast (/Users/macos/Downloads/24CarRental/backend/node_modules/mongoose/lib/query.js:4927:12)
      at Query._castConditions (/Users/macos/Downloads/24CarRental/backend/node_modules/mongoose/lib/query.js:2237:10)
      at model.Query._findOne (/Users/macos/Downloads/24CarRental/backend/node_modules/mongoose/lib/query.js:2533:8)
      at model.Query.exec (/Users/macos/Downloads/24CarRental/backend/node_modules/mongoose/lib/query.js:4447:28)
      at process.processTicksAndRejections (node:internal/process/task_queues:105:5) {
    generatedMessage: true,
    code: 'ERR_ASSERTION',
    actual: false,
    expected: true,
    operator: '=='
  },
  valueType: 'number',
  model: Model { Vehicle }
}
Error fetching weekly rent slabs: CastError: Cast to Number failed for value "NaN" (type number) at path "vehicleId" for model "Vehicle"
    at SchemaNumber.cast (/Users/macos/Downloads/24CarRental/backend/node_modules/mongoose/lib/schema/number.js:380:11)
    at SchemaType.applySetters (/Users/macos/Downloads/24CarRental/backend/node_modules/mongoose/lib/schematype.js:1219:12)
    at SchemaNumber.castForQuery (/Users/macos/Downloads/24CarRental/backend/node_modules/mongoose/lib/schema/number.js:432:14)
    at cast (/Users/macos/Downloads/24CarRental/backend/node_modules/mongoose/lib/cast.js:389:32)
    at Query.cast (/Users/macos/Downloads/24CarRental/backend/node_modules/mongoose/lib/query.js:4927:12)
    at Query._castConditions (/Users/macos/Downloads/24CarRental/backend/node_modules/mongoose/lib/query.js:2237:10)
    at model.Query._findOne (/Users/macos/Downloads/24CarRental/backend/node_modules/mongoose/lib/query.js:2533:8)
    at model.Query.exec (/Users/macos/Downloads/24CarRental/backend/node_modules/mongoose/lib/query.js:4447:28)
    at process.processTicksAndRejections (node:internal/process/task_queues:105:5)
    at async getWeeklyRentSlabs (file:///Users/macos/Downloads/24CarRental/backend/controllers/vehicleController.js:648:21) {
  stringValue: '"NaN"',
  messageFormat: undefined,
  kind: 'Number',
  value: NaN,
  path: 'vehicleId',
  reason: AssertionError [ERR_ASSERTION]: The expression evaluated to a falsy value:
  
    assert.ok(!isNaN(val))
  
      at castNumber (/Users/macos/Downloads/24CarRental/backend/node_modules/mongoose/lib/cast/number.js:27:10)
      at SchemaNumber.cast (/Users/macos/Downloads/24CarRental/backend/node_modules/mongoose/lib/schema/number.js:378:12)
      at SchemaType.applySetters (/Users/macos/Downloads/24CarRental/backend/node_modules/mongoose/lib/schematype.js:1219:12)
      at SchemaNumber.castForQuery (/Users/macos/Downloads/24CarRental/backend/node_modules/mongoose/lib/schema/number.js:432:14)
      at cast (/Users/macos/Downloads/24CarRental/backend/node_modules/mongoose/lib/cast.js:389:32)
      at Query.cast (/Users/macos/Downloads/24CarRental/backend/node_modules/mongoose/lib/query.js:4927:12)
      at Query._castConditions (/Users/macos/Downloads/24CarRental/backend/node_modules/mongoose/lib/query.js:2237:10)
      at model.Query._findOne (/Users/macos/Downloads/24CarRental/backend/node_modules/mongoose/lib/query.js:2533:8)
      at model.Query.exec (/Users/macos/Downloads/24CarRental/backend/node_modules/mongoose/lib/query.js:4447:28)
      at process.processTicksAndRejections (node:internal/process/task_queues:105:5) {
    generatedMessage: true,
    code: 'ERR_ASSERTION',
    actual: false,
    expected: true,
    operator: '=='
  },
  valueType: 'number',
  model: Model { Vehicle }
}
Error fetching vehicle: CastError: Cast to Number failed for value "NaN" (type number) at path "vehicleId" for model "Vehicle"
    at SchemaNumber.cast (/Users/macos/Downloads/24CarRental/backend/node_modules/mongoose/lib/schema/number.js:380:11)
    at SchemaType.applySetters (/Users/macos/Downloads/24CarRental/backend/node_modules/mongoose/lib/schematype.js:1219:12)
    at SchemaNumber.castForQuery (/Users/macos/Downloads/24CarRental/backend/node_modules/mongoose/lib/schema/number.js:432:14)
    at cast (/Users/macos/Downloads/24CarRental/backend/node_modules/mongoose/lib/cast.js:389:32)
    at Query.cast (/Users/macos/Downloads/24CarRental/backend/node_modules/mongoose/lib/query.js:4927:12)
    at Query._castConditions (/Users/macos/Downloads/24CarRental/backend/node_modules/mongoose/lib/query.js:2237:10)
    at model.Query._findOne (/Users/macos/Downloads/24CarRental/backend/node_modules/mongoose/lib/query.js:2533:8)
    at model.Query.exec (/Users/macos/Downloads/24CarRental/backend/node_modules/mongoose/lib/query.js:4447:28)
    at process.processTicksAndRejections (node:internal/process/task_queues:105:5)
    at async getVehicleById (file:///Users/macos/Downloads/24CarRental/backend/controllers/vehicleController.js:429:21) {
  stringValue: '"NaN"',
  messageFormat: undefined,
  kind: 'Number',
  value: NaN,
  path: 'vehicleId',
  reason: AssertionError [ERR_ASSERTION]: The expression evaluated to a falsy value:
  
    assert.ok(!isNaN(val))
  
      at castNumber (/Users/macos/Downloads/24CarRental/backend/node_modules/mongoose/lib/cast/number.js:27:10)
      at SchemaNumber.cast (/Users/macos/Downloads/24CarRental/backend/node_modules/mongoose/lib/schema/number.js:378:12)
      at SchemaType.applySetters (/Users/macos/Downloads/24CarRental/backend/node_modules/mongoose/lib/schematype.js:1219:12)
      at SchemaNumber.castForQuery (/Users/macos/Downloads/24CarRental/backend/node_modules/mongoose/lib/schema/number.js:432:14)
      at cast (/Users/macos/Downloads/24CarRental/backend/node_modules/mongoose/lib/cast.js:389:32)
      at Query.cast (/Users/macos/Downloads/24CarRental/backend/node_modules/mongoose/lib/query.js:4927:12)
      at Query._castConditions (/Users/macos/Downloads/24CarRental/backend/node_modules/mongoose/lib/query.js:2237:10)
      at model.Query._findOne (/Users/macos/Downloads/24CarRental/backend/node_modules/mongoose/lib/query.js:2533:8)
      at model.Query.exec (/Users/macos/Downloads/24CarRental/backend/node_modules/mongoose/lib/query.js:4447:28)
      at process.processTicksAndRejections (node:internal/process/task_queues:105:5) {
    generatedMessage: true,
    code: 'ERR_ASSERTION',
    actual: false,
    expected: true,
    operator: '=='
  },
  valueType: 'number',
  model: Model { Vehicle }
}
Error fetching vehicle: CastError: Cast to Number failed for value "NaN" (type number) at path "vehicleId" for model "Vehicle"
    at SchemaNumber.cast (/Users/macos/Downloads/24CarRental/backend/node_modules/mongoose/lib/schema/number.js:380:11)
    at SchemaType.applySetters (/Users/macos/Downloads/24CarRental/backend/node_modules/mongoose/lib/schematype.js:1219:12)
    at SchemaNumber.castForQuery (/Users/macos/Downloads/24CarRental/backend/node_modules/mongoose/lib/schema/number.js:432:14)
    at cast (/Users/macos/Downloads/24CarRental/backend/node_modules/mongoose/lib/cast.js:389:32)
    at Query.cast (/Users/macos/Downloads/24CarRental/backend/node_modules/mongoose/lib/query.js:4927:12)
    at Query._castConditions (/Users/macos/Downloads/24CarRental/backend/node_modules/mongoose/lib/query.js:2237:10)
    at model.Query._findOne (/Users/macos/Downloads/24CarRental/backend/node_modules/mongoose/lib/query.js:2533:8)
    at model.Query.exec (/Users/macos/Downloads/24CarRental/backend/node_modules/mongoose/lib/query.js:4447:28)
    at process.processTicksAndRejections (node:internal/process/task_queues:105:5)
    at async getVehicleById (file:///Users/macos/Downloads/24CarRental/backend/controllers/vehicleController.js:429:21) {
  stringValue: '"NaN"',
  messageFormat: undefined,
  kind: 'Number',
  value: NaN,
  path: 'vehicleId',
  reason: AssertionError [ERR_ASSERTION]: The expression evaluated to a falsy value:
  
    assert.ok(!isNaN(val))
  
      at castNumber (/Users/macos/Downloads/24CarRental/backend/node_modules/mongoose/lib/cast/number.js:27:10)
      at SchemaNumber.cast (/Users/macos/Downloads/24CarRental/backend/node_modules/mongoose/lib/schema/number.js:378:12)
      at SchemaType.applySetters (/Users/macos/Downloads/24CarRental/backend/node_modules/mongoose/lib/schematype.js:1219:12)
      at SchemaNumber.castForQuery (/Users/macos/Downloads/24CarRental/backend/node_modules/mongoose/lib/schema/number.js:432:14)
      at cast (/Users/macos/Downloads/24CarRental/backend/node_modules/mongoose/lib/cast.js:389:32)
      at Query.cast (/Users/macos/Downloads/24CarRental/backend/node_modules/mongoose/lib/query.js:4927:12)
      at Query._castConditions (/Users/macos/Downloads/24CarRental/backend/node_modules/mongoose/lib/query.js:2237:10)
      at model.Query._findOne (/Users/macos/Downloads/24CarRental/backend/node_modules/mongoose/lib/query.js:2533:8)
      at model.Query.exec (/Users/macos/Downloads/24CarRental/backend/node_modules/mongoose/lib/query.js:4447:28)
      at process.processTicksAndRejections (node:internal/process/task_queues:105:5) {
    generatedMessage: true,
    code: 'ERR_ASSERTION',
    actual: false,
    expected: true,
    operator: '=='
  },
  valueType: 'number',
  model: Model { Vehicle }
}
